<?xml version="1.0" encoding="UTF-8"?>
<!-- Generated by org.testng.reporters.JUnitReportReporter -->
<testsuite hostname="DESKTOP-U4UQ2MB" failures="0" tests="1" name="TestNG_XML.crossBrowser" time="28.297" errors="0" timestamp="2022-11-22T19:54:46 IST" skipped="0">
  <testcase classname="TestNG_XML.crossBrowser" name="Firefox" time="28.297"/>
  <system-out/>
</testsuite> <!-- TestNG_XML.crossBrowser -->
