<?xml version="1.0" encoding="UTF-8"?>
<!-- Generated by org.testng.reporters.JUnitReportReporter -->
<testsuite hostname="DESKTOP-U4UQ2MB" failures="0" tests="2" name="NeoStoxUtility.MultipleTestCases" time="24.074" errors="0" timestamp="2022-12-02T16:15:14 IST" skipped="0">
  <testcase classname="NeoStoxUtility.MultipleTestCases" name="validateUserID" time="12.092"/>
  <system-out>
    <![CDATA[Waiting for1000ms
getting actual user name
Actual UserName is Pratik Desale
Reading userName from property file
Waiting for1000ms
getting actual user name
Actual UserName is Pratik Desale
Taking Screenshot
TC validateUserID is completed successfuly]]>
  </system-out>
  <testcase classname="NeoStoxUtility.MultipleTestCases" name="validateACCBalance" time="11.982"/>
  <system-out>
    <![CDATA[Waiting for1000ms
getting accBalance
Account Balance is Rs.5,00,000.00
Taking Screenshot
Waiting for1000ms
getting accBalance
Account Balance is Rs.5,00,000.00
AC balance is Rs.5,00,000.00
TC validateACCBalance is completed successfuly]]>
  </system-out>
</testsuite> <!-- NeoStoxUtility.MultipleTestCases -->
