<?xml version="1.0" encoding="UTF-8"?>
<!-- Generated by org.testng.reporters.JUnitReportReporter -->
<testsuite hostname="DESKTOP-U4UQ2MB" failures="0" tests="2" name="CrossBrowser_Testing.CBTesting01" time="30.045" errors="0" timestamp="2022-11-30T18:47:42 IST" skipped="0">
  <testcase classname="CrossBrowser_Testing.CBTesting01" name="browserTest" time="12.271"/>
  <system-out/>
  <testcase classname="CrossBrowser_Testing.CBTesting01" name="browserTest" time="17.774"/>
  <system-out/>
</testsuite> <!-- CrossBrowser_Testing.CBTesting01 -->
