<?xml version="1.0" encoding="UTF-8"?>
<!-- Generated by org.testng.reporters.JUnitReportReporter -->
<testsuite hostname="DESKTOP-U4UQ2MB" failures="0" tests="2" name="TestNG_XML.Testing" time="0.023" errors="0" timestamp="2022-12-10T22:58:24 IST" skipped="0">
  <testcase classname="TestNG_XML.Testing" name="D" time="0.004"/>
  <system-out>
    <![CDATA[D method is running]]>
  </system-out>
  <testcase classname="TestNG_XML.Testing" name="A" time="0.019"/>
  <system-out>
    <![CDATA[A Method is running]]>
  </system-out>
</testsuite> <!-- TestNG_XML.Testing -->
