<?xml version="1.0" encoding="UTF-8"?>
<!-- Generated by org.testng.reporters.JUnitReportReporter -->
<testsuite hostname="DESKTOP-U4UQ2MB" failures="0" tests="2" name="TestNG_XML.Testing1" time="0.015" errors="0" timestamp="2022-11-22T09:01:55 IST" skipped="0">
  <testcase classname="TestNG_XML.Testing1" name="E" time="0.000"/>
  <system-out>
    <![CDATA[E Method is running]]>
  </system-out>
  <testcase classname="TestNG_XML.Testing1" name="F" time="0.015"/>
  <system-out>
    <![CDATA[F Method is running]]>
  </system-out>
</testsuite> <!-- TestNG_XML.Testing1 -->
