<?xml version="1.0" encoding="UTF-8"?>
<!-- Generated by org.testng.reporters.JUnitReportReporter -->
<testsuite hostname="DESKTOP-U4UQ2MB" failures="0" tests="1" name="VerificationUsing_TestNG.AssertTrue" time="0.017" errors="0" timestamp="2022-11-21T10:52:13 IST" skipped="0">
  <testcase classname="VerificationUsing_TestNG.AssertTrue" name="testing" time="0.017"/>
  <system-out/>
</testsuite> <!-- VerificationUsing_TestNG.AssertTrue -->
