<?xml version="1.0" encoding="UTF-8"?>
<!-- Generated by org.testng.reporters.JUnitReportReporter -->
<testsuite hostname="DESKTOP-U4UQ2MB" failures="0" tests="1" name="VerificationUsing_TestNG.AssertNotNull" time="0.015" errors="0" timestamp="2022-11-21T10:34:46 IST" skipped="0">
  <testcase classname="VerificationUsing_TestNG.AssertNotNull" name="Testing" time="0.015"/>
  <system-out/>
</testsuite> <!-- VerificationUsing_TestNG.AssertNotNull -->
