<?xml version="1.0" encoding="UTF-8"?>
<!-- Generated by org.testng.reporters.JUnitReportReporter -->
<testsuite hostname="DESKTOP-U4UQ2MB" failures="0" tests="1" name="TestNG_Study.ValidateUserID" time="0.011" errors="0" timestamp="2022-11-18T22:30:58 IST" skipped="0">
  <testcase classname="TestNG_Study.ValidateUserID" name="ValidateUpstoxUserID" time="0.011"/>
  <system-out>
    <![CDATA[User ID Validate]]>
  </system-out>
</testsuite> <!-- TestNG_Study.ValidateUserID -->
