<?xml version="1.0" encoding="UTF-8"?>
<!-- Generated by org.testng.reporters.JUnitReportReporter -->
<testsuite hostname="DESKTOP-U4UQ2MB" failures="0" tests="3" name="TestNG_XML.Grouping2" time="0.015" errors="0" timestamp="2022-12-10T23:59:46 IST" skipped="0">
  <testcase classname="TestNG_XML.Grouping2" name="TC5" time="0.011"/>
  <system-out>
    <![CDATA[TC5 regression Running]]>
  </system-out>
  <testcase classname="TestNG_XML.Grouping2" name="TC7" time="0.002"/>
  <system-out>
    <![CDATA[TC7 regression Running]]>
  </system-out>
  <testcase classname="TestNG_XML.Grouping2" name="TC9" time="0.002"/>
  <system-out>
    <![CDATA[TC9 regression Running]]>
  </system-out>
</testsuite> <!-- TestNG_XML.Grouping2 -->
