<?xml version="1.0" encoding="UTF-8"?>
<!-- Generated by org.testng.reporters.JUnitReportReporter -->
<testsuite hostname="DESKTOP-U4UQ2MB" failures="0" tests="5" name="TestNG_KeyWords.TimeOut" time="0.790" errors="0" timestamp="2022-11-20T16:08:04 IST" skipped="0">
  <testcase classname="TestNG_KeyWords.TimeOut" name="C" time="0.009"/>
  <system-out>
    <![CDATA[C method is running]]>
  </system-out>
  <testcase classname="TestNG_KeyWords.TimeOut" name="A" time="0.210"/>
  <system-out>
    <![CDATA[A method is running]]>
  </system-out>
  <testcase classname="TestNG_KeyWords.TimeOut" name="A" time="0.217"/>
  <system-out>
    <![CDATA[A method is running]]>
  </system-out>
  <testcase classname="TestNG_KeyWords.TimeOut" name="B" time="0.138"/>
  <system-out>
    <![CDATA[B method is running]]>
  </system-out>
  <testcase classname="TestNG_KeyWords.TimeOut" name="A" time="0.216"/>
  <system-out>
    <![CDATA[A method is running]]>
  </system-out>
</testsuite> <!-- TestNG_KeyWords.TimeOut -->
