<?xml version="1.0" encoding="UTF-8"?>
<!-- Generated by org.testng.reporters.JUnitReportReporter -->
<testsuite hostname="DESKTOP-U4UQ2MB" failures="0" tests="1" name="CrossBrowser_Testing.FireFox_Opening" time="17.655" errors="0" timestamp="2022-11-23T08:29:32 IST" skipped="0">
  <testcase classname="CrossBrowser_Testing.FireFox_Opening" name="f" time="17.655"/>
  <system-out/>
</testsuite> <!-- CrossBrowser_Testing.FireFox_Opening -->
