<?xml version="1.0" encoding="UTF-8"?>
<!-- Generated by org.testng.reporters.JUnitReportReporter -->
<testsuite hostname="DESKTOP-U4UQ2MB" failures="0" tests="5" name="TestNG_KeyWords.InvocationCount" time="0.024" errors="0" timestamp="2022-11-18T22:36:37 IST" skipped="0">
  <testcase classname="TestNG_KeyWords.InvocationCount" name="myMethod" time="0.002"/>
  <system-out>
    <![CDATA[My method is Running]]>
  </system-out>
  <testcase classname="TestNG_KeyWords.InvocationCount" name="myMethod" time="0.003"/>
  <system-out>
    <![CDATA[My method is Running]]>
  </system-out>
  <testcase classname="TestNG_KeyWords.InvocationCount" name="myMethod" time="0.015"/>
  <system-out>
    <![CDATA[My method is Running]]>
  </system-out>
  <testcase classname="TestNG_KeyWords.InvocationCount" name="myMethod" time="0.002"/>
  <system-out>
    <![CDATA[My method is Running]]>
  </system-out>
  <testcase classname="TestNG_KeyWords.InvocationCount" name="myMethod" time="0.002"/>
  <system-out>
    <![CDATA[My method is Running]]>
  </system-out>
</testsuite> <!-- TestNG_KeyWords.InvocationCount -->
