<?xml version="1.0" encoding="UTF-8"?>
<!-- Generated by org.testng.reporters.JUnitReportReporter -->
<testsuite hostname="DESKTOP-U4UQ2MB" failures="0" tests="1" name="NeoStox_TestClasses.ValidateNeoStox_Username" time="12.455" errors="0" timestamp="2022-11-30T10:08:34 IST" skipped="0">
  <testcase classname="NeoStox_TestClasses.ValidateNeoStox_Username" name="validateUserID" time="12.455"/>
  <system-out>
    <![CDATA[Waiting for1000ms
getting actual user name
Actual UserName is Pratik Desale
reading data from excel
Waiting for1000ms
getting actual user name
Actual UserName is Pratik Desale
Taking Screenshot]]>
  </system-out>
</testsuite> <!-- NeoStox_TestClasses.ValidateNeoStox_Username -->
