<?xml version="1.0" encoding="UTF-8"?>
<!-- Generated by org.testng.reporters.JUnitReportReporter -->
<testsuite hostname="DESKTOP-U4UQ2MB" failures="0" tests="1" name="NeoStox_TestClasses.ValidateNeoStox_AccountBalance" time="15.728" errors="0" timestamp="2022-11-30T10:21:21 IST" skipped="0">
  <testcase classname="NeoStox_TestClasses.ValidateNeoStox_AccountBalance" name="validateACCBalance" time="15.728"/>
  <system-out>
    <![CDATA[Waiting for1000ms
getting accBalance
Account Balance is Rs.5,00,000.00
Taking Screenshot]]>
  </system-out>
</testsuite> <!-- NeoStox_TestClasses.ValidateNeoStox_AccountBalance -->
