<?xml version="1.0" encoding="UTF-8"?>
<!-- Generated by org.testng.reporters.JUnitReportReporter -->
<testsuite hostname="DESKTOP-U4UQ2MB" failures="0" tests="1" name="VerificationUsing_TestNG.testing" time="12.069" errors="0" timestamp="2022-11-21T09:06:02 IST" skipped="0">
  <testcase classname="VerificationUsing_TestNG.testing" name="verifyCheckPoint" time="12.069"/>
  <system-out>
    <![CDATA[Checkbox is not Selected then TC is Fail]]>
  </system-out>
</testsuite> <!-- VerificationUsing_TestNG.testing -->
