<?xml version="1.0" encoding="UTF-8"?>
<!-- Generated by org.testng.reporters.JUnitReportReporter -->
<testsuite hostname="DESKTOP-U4UQ2MB" failures="0" tests="1" name="TestNG_Study.NewTest01" time="10.137" errors="0" timestamp="2022-11-06T20:55:36 IST" skipped="0">
  <testcase classname="TestNG_Study.NewTest01" name="FB" time="10.137"/>
  <system-out/>
</testsuite> <!-- TestNG_Study.NewTest01 -->
