<?xml version="1.0" encoding="UTF-8"?>
<!-- Generated by org.testng.reporters.JUnitReportReporter -->
<testsuite hostname="DESKTOP-U4UQ2MB" failures="0" tests="5" name="TestNG_KeyWords.Priority" time="0.034" errors="0" timestamp="2022-11-18T22:45:49 IST" skipped="0">
  <testcase classname="TestNG_KeyWords.Priority" name="E" time="0.016"/>
  <system-out>
    <![CDATA[E method is running]]>
  </system-out>
  <testcase classname="TestNG_KeyWords.Priority" name="A" time="0.003"/>
  <system-out>
    <![CDATA[A method is running]]>
  </system-out>
  <testcase classname="TestNG_KeyWords.Priority" name="B" time="0.007"/>
  <system-out>
    <![CDATA[B method is running]]>
  </system-out>
  <testcase classname="TestNG_KeyWords.Priority" name="C" time="0.005"/>
  <system-out>
    <![CDATA[C method is running]]>
  </system-out>
  <testcase classname="TestNG_KeyWords.Priority" name="D" time="0.003"/>
  <system-out>
    <![CDATA[D method is running]]>
  </system-out>
</testsuite> <!-- TestNG_KeyWords.Priority -->
