<?xml version="1.0" encoding="UTF-8"?>
<!-- Generated by org.testng.reporters.JUnitReportReporter -->
<testsuite hostname="DESKTOP-U4UQ2MB" failures="0" tests="2" name="TestNG_XML.Grouping1" time="0.004" errors="0" timestamp="2022-12-10T23:59:46 IST" skipped="0">
  <testcase classname="TestNG_XML.Grouping1" name="TC1" time="0.003"/>
  <system-out>
    <![CDATA[TC1 regression Running]]>
  </system-out>
  <testcase classname="TestNG_XML.Grouping1" name="TC3" time="0.001"/>
  <system-out>
    <![CDATA[TC3 regression Running]]>
  </system-out>
</testsuite> <!-- TestNG_XML.Grouping1 -->
