<?xml version="1.0" encoding="UTF-8"?>
<!-- Generated by org.testng.reporters.JUnitReportReporter -->
<testsuite hostname="DESKTOP-U4UQ2MB" failures="0" tests="5" name="TestNG_KeyWords.Enabled" time="0.020" errors="0" timestamp="2022-11-20T16:12:16 IST" skipped="2">
  <testcase classname="TestNG_KeyWords.Enabled" name="E" time="0.002"/>
  <system-out>
    <![CDATA[E method is running]]>
  </system-out>
  <testcase classname="TestNG_KeyWords.Enabled" name="C" time="0.016"/>
  <system-out>
    <![CDATA[C method is running]]>
  </system-out>
  <testcase classname="TestNG_KeyWords.Enabled" name="D" time="0.002"/>
  <system-out>
    <![CDATA[D method is running]]>
  </system-out>
  <testcase classname="TestNG_KeyWords.Enabled" name="B">
    <skipped/>
  </testcase> <!-- B -->
  <system-out/>
  <testcase classname="TestNG_KeyWords.Enabled" name="A">
    <skipped/>
  </testcase> <!-- A -->
  <system-out/>
</testsuite> <!-- TestNG_KeyWords.Enabled -->
